<?xml version="1.0" encoding="UTF-8"?>
<!-- Generated by org.testng.reporters.JUnitXMLReporter -->
<testsuite ignored="1" hostname="LIN25007846" failures="0" tests="2" name="Command line test" time="12.095" errors="0" timestamp="08 Dec 2021 08:45:26 GMT">
  <testcase classname="com.Automation.Test.LoginTest" name="VerifyLogin" time="6.328"/>
  <testcase classname="com.Automation.Test.LoginTest" name="VerifyAddUser" time="4.278"/>
  <testcase classname="com.Automation.Test.BaseTest" name="@BeforeTest setUp" time="0.0">
    <ignored/>
  </testcase> <!-- @BeforeTest setUp -->
</testsuite> <!-- Command line test -->
