<?xml version="1.0" encoding="UTF-8"?>
<testng-results ignored="1" total="3" passed="2" failed="0" skipped="0">
  <reporter-output>
  </reporter-output>
  <suite started-at="2021-12-08T08:45:14Z" name="Command line suite" finished-at="2021-12-08T08:45:26Z" duration-ms="12095">
    <groups>
    </groups>
    <test started-at="2021-12-08T08:45:14Z" name="Command line test" finished-at="2021-12-08T08:45:26Z" duration-ms="12095">
      <class name="com.Automation.Test.BaseTest">
        <test-method is-config="true" signature="setUp()[pri:0, instance:com.Automation.Test.BaseTest@4baf352a]" started-at="2021-12-08T08:45:14Z" name="setUp" finished-at="2021-12-08T08:45:16Z" duration-ms="1472" status="PASS">
          <reporter-output>
          </reporter-output>
        </test-method> <!-- setUp -->
      </class> <!-- com.Automation.Test.BaseTest -->
      <class name="com.Automation.Test.LoginTest">
        <test-method signature="VerifyLogin()[pri:0, instance:com.Automation.Test.LoginTest@1bb1fde8]" started-at="2021-12-08T08:45:16Z" name="VerifyLogin" finished-at="2021-12-08T08:45:22Z" duration-ms="6328" status="PASS">
          <reporter-output>
          </reporter-output>
        </test-method> <!-- VerifyLogin -->
        <test-method signature="VerifyAddUser()[pri:1, instance:com.Automation.Test.LoginTest@1bb1fde8]" started-at="2021-12-08T08:45:22Z" name="VerifyAddUser" finished-at="2021-12-08T08:45:26Z" duration-ms="4278" status="PASS">
          <reporter-output>
          </reporter-output>
        </test-method> <!-- VerifyAddUser -->
      </class> <!-- com.Automation.Test.LoginTest -->
    </test> <!-- Command line test -->
  </suite> <!-- Command line suite -->
</testng-results>
