<?xml version="1.0" encoding="UTF-8"?>
<testng-results ignored="0" total="2" passed="2" failed="0" skipped="0">
  <reporter-output>
  </reporter-output>
  <suite started-at="2021-12-08T05:41:13Z" name="Default suite" finished-at="2021-12-08T05:41:26Z" duration-ms="12961">
    <groups>
    </groups>
    <test started-at="2021-12-08T05:41:13Z" name="Default test" finished-at="2021-12-08T05:41:26Z" duration-ms="12961">
      <class name="com.Automation.Test.LoginTest">
        <test-method is-config="true" signature="setUp()[pri:0, instance:com.Automation.Test.LoginTest@60b85ba1]" started-at="2021-12-08T05:41:13Z" name="setUp" finished-at="2021-12-08T05:41:15Z" duration-ms="1523" status="PASS">
          <reporter-output>
          </reporter-output>
        </test-method> <!-- setUp -->
        <test-method signature="VerifyLogin()[pri:0, instance:com.Automation.Test.LoginTest@60b85ba1]" started-at="2021-12-08T05:41:15Z" name="VerifyLogin" finished-at="2021-12-08T05:41:23Z" duration-ms="7610" status="PASS">
          <reporter-output>
          </reporter-output>
        </test-method> <!-- VerifyLogin -->
        <test-method signature="VerifyAddUser()[pri:1, instance:com.Automation.Test.LoginTest@60b85ba1]" started-at="2021-12-08T05:41:23Z" name="VerifyAddUser" finished-at="2021-12-08T05:41:26Z" duration-ms="3812" status="PASS">
          <reporter-output>
          </reporter-output>
        </test-method> <!-- VerifyAddUser -->
      </class> <!-- com.Automation.Test.LoginTest -->
    </test> <!-- Default test -->
  </suite> <!-- Default suite -->
</testng-results>
